<?xml version="1.0" encoding="UTF-8"?>
<testng-results ignored="0" total="3" passed="2" failed="1" skipped="0">
  <reporter-output>
  </reporter-output>
  <suite started-at="2019-11-22T11:33:47 EST" name="Default suite" finished-at="2019-11-22T11:33:57 EST" duration-ms="9834">
    <groups>
    </groups>
    <test started-at="2019-11-22T11:33:47 EST" name="Default test" finished-at="2019-11-22T11:33:57 EST" duration-ms="9834">
      <class name="COG._Draft_LoginPageTest">
        <test-method is-config="true" signature="initialize()[pri:0, instance:COG._Draft_LoginPageTest@6f8f9349]" started-at="2019-11-22T11:33:47 EST" name="initialize" finished-at="2019-11-22T11:33:55 EST" duration-ms="7351" status="PASS">
          <reporter-output>
          </reporter-output>
        </test-method> <!-- initialize -->
        <test-method signature="pageTitle()[pri:1, instance:COG._Draft_LoginPageTest@6f8f9349]" started-at="2019-11-22T11:33:55 EST" name="pageTitle" description="Page Title" finished-at="2019-11-22T11:33:55 EST" duration-ms="12" status="PASS">
          <reporter-output>
          </reporter-output>
        </test-method> <!-- pageTitle -->
        <test-method signature="pageVerifications()[pri:1, instance:COG._Draft_LoginPageTest@6f8f9349]" started-at="2019-11-22T11:33:55 EST" name="pageVerifications" description="pageVerifications" finished-at="2019-11-22T11:33:55 EST" duration-ms="188" status="PASS">
          <reporter-output>
          </reporter-output>
        </test-method> <!-- pageVerifications -->
        <test-method signature="credentialsRequired()[pri:2, instance:COG._Draft_LoginPageTest@6f8f9349]" started-at="2019-11-22T11:33:55 EST" name="credentialsRequired" description="credentialsRequired" finished-at="2019-11-22T11:33:55 EST" duration-ms="171" status="FAIL">
          <exception class="java.lang.AssertionError">
            <message>
              <![CDATA[The following asserts failed:
expected [tUser name is required] but found [User name is required],
expected [tPassword is required] but found [Password is required]]]>
            </message>
            <full-stacktrace>
              <![CDATA[java.lang.AssertionError: The following asserts failed:
expected [tUser name is required] but found [User name is required],
expected [tPassword is required] but found [Password is required]
at org.testng.asserts.SoftAssert.assertAll(SoftAssert.java:47)
at org.testng.asserts.SoftAssert.assertAll(SoftAssert.java:31)
at COG._Draft_LoginPageTest.credentialsRequired(_Draft_LoginPageTest.java:51)
at java.base/jdk.internal.reflect.NativeMethodAccessorImpl.invoke0(Native Method)
at java.base/jdk.internal.reflect.NativeMethodAccessorImpl.invoke(NativeMethodAccessorImpl.java:62)
at java.base/jdk.internal.reflect.DelegatingMethodAccessorImpl.invoke(DelegatingMethodAccessorImpl.java:43)
at java.base/java.lang.reflect.Method.invoke(Method.java:566)
at org.testng.internal.MethodInvocationHelper.invokeMethod(MethodInvocationHelper.java:133)
at org.testng.internal.TestInvoker.invokeMethod(TestInvoker.java:584)
at org.testng.internal.TestInvoker.invokeTestMethod(TestInvoker.java:172)
at org.testng.internal.MethodRunner.runInSequence(MethodRunner.java:46)
at org.testng.internal.TestInvoker$MethodInvocationAgent.invoke(TestInvoker.java:804)
at org.testng.internal.TestInvoker.invokeTestMethods(TestInvoker.java:145)
at org.testng.internal.TestMethodWorker.invokeTestMethods(TestMethodWorker.java:146)
at org.testng.internal.TestMethodWorker.run(TestMethodWorker.java:128)
at java.base/java.util.ArrayList.forEach(ArrayList.java:1540)
at org.testng.TestRunner.privateRun(TestRunner.java:770)
at org.testng.TestRunner.run(TestRunner.java:591)
at org.testng.SuiteRunner.runTest(SuiteRunner.java:402)
at org.testng.SuiteRunner.runSequentially(SuiteRunner.java:396)
at org.testng.SuiteRunner.privateRun(SuiteRunner.java:355)
at org.testng.SuiteRunner.run(SuiteRunner.java:304)
at org.testng.SuiteRunnerWorker.runSuite(SuiteRunnerWorker.java:53)
at org.testng.SuiteRunnerWorker.run(SuiteRunnerWorker.java:96)
at org.testng.TestNG.runSuitesSequentially(TestNG.java:1180)
at org.testng.TestNG.runSuitesLocally(TestNG.java:1102)
at org.testng.TestNG.runSuites(TestNG.java:1032)
at org.testng.TestNG.run(TestNG.java:1000)
at org.testng.remote.AbstractRemoteTestNG.run(AbstractRemoteTestNG.java:115)
at org.testng.remote.RemoteTestNG.initAndRun(RemoteTestNG.java:251)
at org.testng.remote.RemoteTestNG.main(RemoteTestNG.java:77)
]]>
            </full-stacktrace>
          </exception> <!-- java.lang.AssertionError -->
          <reporter-output>
          </reporter-output>
        </test-method> <!-- credentialsRequired -->
        <test-method is-config="true" signature="teardown()[pri:0, instance:COG._Draft_LoginPageTest@6f8f9349]" started-at="2019-11-22T11:33:55 EST" name="teardown" finished-at="2019-11-22T11:33:57 EST" duration-ms="2073" status="PASS">
          <reporter-output>
          </reporter-output>
        </test-method> <!-- teardown -->
      </class> <!-- COG._Draft_LoginPageTest -->
    </test> <!-- Default test -->
  </suite> <!-- Default suite -->
</testng-results>
